<?xml version="1.0" encoding="UTF-8"?>
<!-- Generated by org.testng.reporters.JUnitReportReporter -->
<testsuite skipped="0" hostname="MYPC" name="pkg.Demo" tests="2" failures="0" timestamp="28 Oct 2017 16:08:21 GMT" time="0.062" errors="0">
  <testcase name="atTest2" time="0.024" classname="pkg.Demo"/>
  <testcase name="atTest" time="0.038" classname="pkg.Demo"/>
</testsuite> <!-- pkg.Demo -->
