<?xml version="1.0" encoding="UTF-8"?>
<!-- Generated by org.testng.reporters.JUnitReportReporter -->
<testsuite skipped="0" hostname="MYPC" name="pkg.testOnlyOnClass" tests="2" failures="0" timestamp="28 Oct 2017 16:08:21 GMT" time="0.055" errors="0">
  <testcase name="test2" time="0.019" classname="pkg.testOnlyOnClass"/>
  <testcase name="test3" time="0.036" classname="pkg.testOnlyOnClass"/>
</testsuite> <!-- pkg.testOnlyOnClass -->
