<?xml version="1.0" encoding="UTF-8"?>
<!-- Generated by org.testng.reporters.JUnitReportReporter -->
<testsuite hostname="MYPC" name="com.lambdatest.Sample" tests="1" failures="0" timestamp="30 May 2021 09:06:13 GMT" time="0.045" errors="0">
  <testcase name="generic" time="0.045" classname="com.lambdatest.Sample"/>
</testsuite> <!-- com.lambdatest.Sample -->
