<?xml version="1.0" encoding="UTF-8"?>
<!-- Generated by org.testng.reporters.JUnitReportReporter -->
<testsuite hostname="MYPC" name="com.lambdatest.LambdaTestLocalMachine" tests="3" failures="0" timestamp="30 May 2021 09:19:24 GMT" time="52.943" errors="0">
  <testcase name="loginTest" time="26.852" classname="com.lambdatest.LambdaTestLocalMachine"/>
  <testcase name="formPageValidation" time="25.635" classname="com.lambdatest.LambdaTestLocalMachine"/>
  <testcase name="submitForm" time="0.456" classname="com.lambdatest.LambdaTestLocalMachine"/>
</testsuite> <!-- com.lambdatest.LambdaTestLocalMachine -->
